<?xml version="1.0" encoding="UTF-8"?>
<testng-results skipped="0" failed="0" ignored="0" total="1" passed="1">
  <reporter-output>
  </reporter-output>
  <suite name="Default suite" duration-ms="33517" started-at="2018-11-13T05:29:14Z" finished-at="2018-11-13T05:29:48Z">
    <groups>
      <group name="cucumber">
        <method signature="AbstractTestNGCucumberTests.feature(cucumber.api.testng.CucumberFeatureWrapper)[pri:0, instance:com.runner.AmazonTestNgRunner@727803de]" name="feature" class="cucumber.api.testng.AbstractTestNGCucumberTests"/>
      </group> <!-- cucumber -->
    </groups>
    <test name="Default test" duration-ms="33517" started-at="2018-11-13T05:29:14Z" finished-at="2018-11-13T05:29:48Z">
      <class name="com.runner.AmazonTestNgRunner">
        <test-method status="PASS" signature="setUpClass()[pri:0, instance:com.runner.AmazonTestNgRunner@727803de]" name="setUpClass" is-config="true" duration-ms="639" started-at="2018-11-13T05:29:14Z" finished-at="2018-11-13T05:29:15Z">
          <reporter-output>
          </reporter-output>
        </test-method> <!-- setUpClass -->
        <test-method status="PASS" signature="feature(cucumber.api.testng.CucumberFeatureWrapper)[pri:0, instance:com.runner.AmazonTestNgRunner@727803de]" name="feature" duration-ms="31630" started-at="2018-11-13T05:29:15Z" description="Runs Cucumber Feature" data-provider="features" finished-at="2018-11-13T05:29:47Z">
          <params>
            <param index="0">
              <value>
                <![CDATA[Login function validation]]>
              </value>
            </param>
          </params>
          <reporter-output>
          </reporter-output>
        </test-method> <!-- feature -->
        <test-method status="PASS" signature="teardown()[pri:0, instance:com.runner.AmazonTestNgRunner@727803de]" name="teardown" is-config="true" duration-ms="183" started-at="2018-11-13T05:29:47Z" finished-at="2018-11-13T05:29:47Z">
          <reporter-output>
          </reporter-output>
        </test-method> <!-- teardown -->
        <test-method status="PASS" signature="tearDownClass()[pri:0, instance:com.runner.AmazonTestNgRunner@727803de]" name="tearDownClass" is-config="true" duration-ms="902" started-at="2018-11-13T05:29:47Z" finished-at="2018-11-13T05:29:48Z">
          <reporter-output>
          </reporter-output>
        </test-method> <!-- tearDownClass -->
      </class> <!-- com.runner.AmazonTestNgRunner -->
    </test> <!-- Default test -->
  </suite> <!-- Default suite -->
</testng-results>
